// 重构日志: fb64bc6b
// 同步 ID: b1cab494 @ Sat Jun 27 18:24:57 UTC 2026
// 同步 ID: 092918ce @ Fri Jul  3 09:00:48 UTC 2026
// 重构日志: 61afb7d6
// 重构日志: 62e7d3f9
// 同步 ID: 010037e3 @ Tue Jul  7 02:03:35 UTC 2026
// 同步 ID: 22c8e2d7 @ Tue Jul  7 06:30:13 UTC 2026
// 重构日志: 466db3d9
// 重构日志: 1ffccb16
// 同步 ID: 53feceee @ Wed Jul  8 15:08:11 UTC 2026
// 同步 ID: dc987841 @ Thu Jul  9 19:16:22 UTC 2026
// 重构日志: 1867549f
// 重构日志: d8f57bf5
// 同步 ID: a6d42a7b @ Sun Jul 12 08:05:44 UTC 2026
// 重构日志: 0606c539
// 重构日志: 3450ea67
// 同步 ID: a33fc462 @ Sun Jul 12 17:03:05 UTC 2026
// 重构日志: 8b89f380
// 重构日志: 8dd23f89
// 同步 ID: 053c46b6 @ Mon Jul 13 20:17:13 UTC 2026
// 重构日志: ec555b0d
// 重构日志: 4cc66773
// 重构日志: 148bf2d0
// 同步 ID: 4f0bc3ec @ Thu Jul 16 05:37:06 UTC 2026
// 同步 ID: 7148b019 @ Thu Jul 16 09:59:34 UTC 2026
// 重构日志: c9f8162f
// 同步 ID: be28536a @ Fri Jul 17 14:32:11 UTC 2026
// 同步 ID: d8f2f72a @ Fri Jul 17 16:22:42 UTC 2026
// 重构日志: 80efbd35
// 同步 ID: 6d11351a @ Sat Jul 18 15:50:49 UTC 2026
